INFO Watching for file changes with StatReloader
Performing system checks...

System check identified no issues (0 silenced).
September 09, 2025 - 00:11:25
Django version 4.2.24, using settings 'EduPredict.settings'
Starting development server at http://0.0.0.0:12000/
Quit the server with CONTROL-C.

INFO "HEAD / HTTP/1.1" 200 0
INFO "GET /login/ HTTP/1.1" 200 14689
INFO "GET /static/css/bootstrap.min.css HTTP/1.1" 304 0
INFO "GET /static/css/styles.css HTTP/1.1" 304 0
INFO "GET /static/lib/owlcarousel/assets/owl.carousel.min.css HTTP/1.1" 304 0
INFO "GET /static/lib/animate/animate.min.css HTTP/1.1" 304 0
INFO "GET /static/lib/wow/wow.min.js HTTP/1.1" 304 0
INFO "GET /static/images/logo.png HTTP/1.1" 304 0
INFO "GET /static/lib/easing/easing.min.js HTTP/1.1" 304 0
INFO "GET /static/lib/waypoints/waypoints.min.js HTTP/1.1" 304 0
INFO "GET /static/lib/owlcarousel/owl.carousel.min.js HTTP/1.1" 304 0
INFO "GET /static/js/main.js HTTP/1.1" 304 0
WARNING Failed login attempt for username: admin from IP 10.1.0.77
INFO "POST /login/ HTTP/1.1" 200 15034
INFO Successful login for user admin from IP 10.1.0.77
INFO "POST /login/ HTTP/1.1" 302 0
INFO "GET /dashboard/admin/ HTTP/1.1" 200 28071
WARNING Not Found: /dashboard/static/images/logo.png
WARNING "GET /dashboard/static/images/logo.png HTTP/1.1" 404 6435
WARNING Not Found: /admin/users/
WARNING "GET /admin/users/ HTTP/1.1" 404 5640
INFO /openhands/code/Climatee/EduPredict/urls.py changed, reloading.
INFO Watching for file changes with StatReloader
Performing system checks...

System check identified no issues (0 silenced).
September 09, 2025 - 00:12:33
Django version 4.2.24, using settings 'EduPredict.settings'
Starting development server at http://0.0.0.0:12000/
Quit the server with CONTROL-C.

INFO "GET /dashboard/admin/ HTTP/1.1" 200 28081
INFO "GET /static/css/styles.css HTTP/1.1" 304 0
INFO "GET /static/lib/animate/animate.min.css HTTP/1.1" 304 0
INFO "GET /static/css/bootstrap.min.css HTTP/1.1" 304 0
INFO "GET /static/lib/owlcarousel/assets/owl.carousel.min.css HTTP/1.1" 304 0
INFO "GET /static/lib/wow/wow.min.js HTTP/1.1" 304 0
WARNING Not Found: /dashboard/static/images/logo.png
INFO "GET /static/lib/easing/easing.min.js HTTP/1.1" 304 0
WARNING "GET /dashboard/static/images/logo.png HTTP/1.1" 404 6460
INFO "GET /static/lib/waypoints/waypoints.min.js HTTP/1.1" 304 0
INFO "GET /static/js/main.js HTTP/1.1" 304 0
INFO "GET /static/lib/owlcarousel/owl.carousel.min.js HTTP/1.1" 304 0
INFO "GET /management/users/ HTTP/1.1" 200 30872
WARNING Not Found: /management/static/images/logo.png
WARNING "GET /management/static/images/logo.png HTTP/1.1" 404 6463
ERROR Internal Server Error: /management/credentials/
Traceback (most recent call last):
  File "/openhands/micromamba/envs/openhands/lib/python3.12/site-packages/django/core/handlers/exception.py", line 55, in inner
    response = get_response(request)
               ^^^^^^^^^^^^^^^^^^^^^
  File "/openhands/micromamba/envs/openhands/lib/python3.12/site-packages/django/core/handlers/base.py", line 197, in _get_response
    response = wrapped_callback(request, *callback_args, **callback_kwargs)
               ^^^^^^^^^^^^^^^^^^^^^^^^^^^^^^^^^^^^^^^^^^^^^^^^^^^^^^^^^^^^
  File "/openhands/micromamba/envs/openhands/lib/python3.12/site-packages/django/contrib/auth/decorators.py", line 23, in _wrapper_view
    return view_func(request, *args, **kwargs)
           ^^^^^^^^^^^^^^^^^^^^^^^^^^^^^^^^^^^
  File "/openhands/micromamba/envs/openhands/lib/python3.12/site-packages/django/contrib/auth/decorators.py", line 23, in _wrapper_view
    return view_func(request, *args, **kwargs)
           ^^^^^^^^^^^^^^^^^^^^^^^^^^^^^^^^^^^
  File "/openhands/code/Climatee/educationmodel/climate_views.py", line 685, in system_credentials_view
    legacy_users = Signup.objects.all().order_by('name')
                   ^^^^^^
NameError: name 'Signup' is not defined
ERROR "GET /management/credentials/ HTTP/1.1" 500 86175
INFO /openhands/code/Climatee/educationmodel/climate_views.py changed, reloading.
INFO Watching for file changes with StatReloader
Performing system checks...

System check identified no issues (0 silenced).
September 09, 2025 - 00:14:16
Django version 4.2.24, using settings 'EduPredict.settings'
Starting development server at http://0.0.0.0:12000/
Quit the server with CONTROL-C.

INFO "GET /management/credentials/ HTTP/1.1" 200 36227
INFO "GET /static/css/styles.css HTTP/1.1" 304 0
INFO "GET /static/lib/owlcarousel/assets/owl.carousel.min.css HTTP/1.1" 304 0
INFO "GET /static/lib/animate/animate.min.css HTTP/1.1" 304 0
INFO "GET /static/css/bootstrap.min.css HTTP/1.1" 304 0
INFO "GET /static/lib/wow/wow.min.js HTTP/1.1" 304 0
WARNING Not Found: /management/static/images/logo.png
INFO "GET /static/lib/easing/easing.min.js HTTP/1.1" 304 0
WARNING "GET /management/static/images/logo.png HTTP/1.1" 404 6463
INFO "GET /static/lib/waypoints/waypoints.min.js HTTP/1.1" 304 0
INFO "GET /static/lib/owlcarousel/owl.carousel.min.js HTTP/1.1" 304 0
INFO "GET /static/js/main.js HTTP/1.1" 304 0
INFO "GET /management/users/ HTTP/1.1" 200 30872
INFO "GET /static/css/styles.css HTTP/1.1" 304 0
INFO "GET /static/css/bootstrap.min.css HTTP/1.1" 304 0
INFO "GET /static/lib/animate/animate.min.css HTTP/1.1" 304 0
INFO "GET /static/lib/owlcarousel/assets/owl.carousel.min.css HTTP/1.1" 304 0
INFO "GET /static/lib/wow/wow.min.js HTTP/1.1" 304 0
WARNING Not Found: /management/static/images/logo.png
WARNING "GET /management/static/images/logo.png HTTP/1.1" 404 6463
INFO "GET /static/lib/easing/easing.min.js HTTP/1.1" 304 0
INFO "GET /static/lib/waypoints/waypoints.min.js HTTP/1.1" 304 0
INFO "GET /static/lib/owlcarousel/owl.carousel.min.js HTTP/1.1" 304 0
INFO "GET /static/js/main.js HTTP/1.1" 304 0
INFO "GET / HTTP/1.1" 200 24054
INFO "GET / HTTP/1.1" 200 24054
INFO "GET /static/lib/animate/animate.min.css HTTP/1.1" 200 16953
INFO "GET /static/css/styles.css HTTP/1.1" 200 11105
INFO "GET /static/lib/owlcarousel/assets/owl.carousel.min.css HTTP/1.1" 200 2936
INFO "GET /static/css/bootstrap.min.css HTTP/1.1" 200 164194
INFO "GET /static/images/logo.png HTTP/1.1" 200 19332
INFO "GET /static/lib/wow/wow.min.js HTTP/1.1" 200 8156
INFO "GET /static/lib/easing/easing.min.js HTTP/1.1" 200 2302
INFO "GET /static/lib/waypoints/waypoints.min.js HTTP/1.1" 200 9028
INFO "GET /static/lib/owlcarousel/owl.carousel.min.js HTTP/1.1" 200 42766
INFO "GET /static/js/main.js HTTP/1.1" 200 2698
INFO "GET /management/users/ HTTP/1.1" 200 30872
WARNING Not Found: /management/static/images/logo.png
WARNING "GET /management/static/images/logo.png HTTP/1.1" 404 6463
WARNING "POST /management/users/promote-demote/ HTTP/1.1" 403 2870
INFO "GET /management/users/3/ HTTP/1.1" 200 24273
INFO "GET /static/css/styles.css HTTP/1.1" 304 0
INFO "GET /static/lib/animate/animate.min.css HTTP/1.1" 304 0
INFO "GET /static/css/bootstrap.min.css HTTP/1.1" 304 0
INFO "GET /static/lib/wow/wow.min.js HTTP/1.1" 304 0
INFO "GET /static/lib/owlcarousel/assets/owl.carousel.min.css HTTP/1.1" 304 0
WARNING Not Found: /management/users/static/images/logo.png
WARNING "GET /management/users/static/images/logo.png HTTP/1.1" 404 6481
INFO "GET /static/lib/easing/easing.min.js HTTP/1.1" 304 0
INFO "GET /static/lib/waypoints/waypoints.min.js HTTP/1.1" 304 0
INFO "GET /static/js/main.js HTTP/1.1" 304 0
INFO "GET /static/lib/owlcarousel/owl.carousel.min.js HTTP/1.1" 304 0
INFO "GET / HTTP/1.1" 200 24054
WARNING "GET /static/images/climate-hero-bg.jpg HTTP/1.1" 404 1873
INFO "GET // HTTP/1.1" 200 24054
INFO "GET /static/css/bootstrap.min.css HTTP/1.1" 304 0
INFO "GET /static/css/styles.css HTTP/1.1" 304 0
INFO "GET /static/lib/animate/animate.min.css HTTP/1.1" 304 0
INFO "GET /static/images/logo.png HTTP/1.1" 304 0
INFO "GET /static/lib/owlcarousel/assets/owl.carousel.min.css HTTP/1.1" 304 0
INFO "GET /static/lib/wow/wow.min.js HTTP/1.1" 304 0
INFO "GET / HTTP/1.1" 200 24054
INFO "GET /static/lib/easing/easing.min.js HTTP/1.1" 304 0
INFO "GET /static/lib/waypoints/waypoints.min.js HTTP/1.1" 304 0
INFO "GET /static/js/main.js HTTP/1.1" 304 0
INFO "GET /static/lib/owlcarousel/owl.carousel.min.js HTTP/1.1" 304 0
WARNING "GET /static/images/climate-hero-bg.jpg HTTP/1.1" 404 1873
WARNING "GET /static/images/climate-hero-bg.jpg HTTP/1.1" 404 1873
WARNING Not Found: /favicon.ico
WARNING "GET /favicon.ico HTTP/1.1" 404 6397
INFO "GET /login/ HTTP/1.1" 200 14689
INFO Successful login for user admin from IP 10.1.0.50
INFO "POST /login/ HTTP/1.1" 302 0
INFO "GET /dashboard/admin/ HTTP/1.1" 200 28081
WARNING Not Found: /dashboard/static/images/logo.png
WARNING "GET /dashboard/static/images/logo.png HTTP/1.1" 404 6460
INFO "GET /profile/ HTTP/1.1" 200 25673
INFO "GET / HTTP/1.1" 200 24054
INFO "GET /dashboard/ HTTP/1.1" 200 44248
INFO "GET /profile/ HTTP/1.1" 200 25673
INFO "GET / HTTP/1.1" 200 24054
INFO "GET /dashboard/ HTTP/1.1" 200 44248
INFO "GET /support/ HTTP/1.1" 200 42332
INFO "GET /profile/ HTTP/1.1" 200 25671
WARNING Not Found: /admin/users
WARNING "GET /admin/users HTTP/1.1" 404 5637
WARNING Not Found: /admin/user
WARNING "GET /admin/user HTTP/1.1" 404 5634
INFO "GET /admin/ HTTP/1.1" 200 9138
INFO "GET /static/admin/css/base.css HTTP/1.1" 200 21310
INFO "GET /static/admin/css/nav_sidebar.css HTTP/1.1" 200 2694
INFO "GET /static/admin/css/dark_mode.css HTTP/1.1" 200 2929
INFO "GET /static/admin/css/dashboard.css HTTP/1.1" 200 441
INFO "GET /static/admin/css/responsive.css HTTP/1.1" 200 18559
INFO "GET /static/admin/js/theme.js HTTP/1.1" 200 1943
INFO "GET /static/admin/js/nav_sidebar.js HTTP/1.1" 200 3063
INFO "GET /static/admin/img/icon-addlink.svg HTTP/1.1" 200 331
INFO "GET /static/admin/img/icon-changelink.svg HTTP/1.1" 200 380
WARNING Not Found: /admin/dashboard
WARNING "GET /admin/dashboard HTTP/1.1" 404 5649
INFO "GET / HTTP/1.1" 200 24054
INFO "GET / HTTP/1.1" 302 0
INFO "GET /dashboard/ HTTP/1.1" 200 44248
INFO "GET /static/css/styles.css HTTP/1.1" 304 0
INFO "GET /static/css/bootstrap.min.css HTTP/1.1" 304 0
INFO "GET /static/lib/animate/animate.min.css HTTP/1.1" 304 0
INFO "GET /static/lib/owlcarousel/assets/owl.carousel.min.css HTTP/1.1" 304 0
INFO "GET /static/images/logo.png HTTP/1.1" 304 0
INFO "GET /static/lib/wow/wow.min.js HTTP/1.1" 304 0
INFO "GET /static/lib/easing/easing.min.js HTTP/1.1" 304 0
INFO "GET /static/js/main.js HTTP/1.1" 304 0
INFO "GET /static/lib/waypoints/waypoints.min.js HTTP/1.1" 304 0
INFO "GET /static/lib/owlcarousel/owl.carousel.min.js HTTP/1.1" 304 0
INFO User admin logged out
INFO "GET /logout/ HTTP/1.1" 302 0
INFO "GET /login/ HTTP/1.1" 200 15036
INFO Successful login for user admin from IP 10.1.0.50
INFO "POST /login/ HTTP/1.1" 302 0
INFO "GET /dashboard/admin/ HTTP/1.1" 200 28081
WARNING Not Found: /dashboard/static/images/logo.png
WARNING "GET /dashboard/static/images/logo.png HTTP/1.1" 404 6460
INFO "GET /admin/ HTTP/1.1" 200 9138
INFO "GET / HTTP/1.1" 200 24054
INFO "GET /management/users/ HTTP/1.1" 200 30872
WARNING Not Found: /management/static/images/logo.png
WARNING "GET /management/static/images/logo.png HTTP/1.1" 404 6463
INFO "GET /management/credentials/ HTTP/1.1" 200 36227
WARNING Not Found: /management/static/images/logo.png
WARNING "GET /management/static/images/logo.png HTTP/1.1" 404 6463
INFO "GET / HTTP/1.1" 302 0
INFO "GET /dashboard/ HTTP/1.1" 200 44248
INFO "GET / HTTP/1.1" 200 24054
INFO "GET /static/css/styles.css HTTP/1.1" 200 11105
INFO "GET /static/lib/owlcarousel/assets/owl.carousel.min.css HTTP/1.1" 200 2936
INFO "GET /static/images/logo.png HTTP/1.1" 200 19332
INFO "GET /static/lib/animate/animate.min.css HTTP/1.1" 200 16953
INFO "GET /static/css/bootstrap.min.css HTTP/1.1" 200 164194
INFO "GET /static/lib/wow/wow.min.js HTTP/1.1" 200 8156
INFO "GET /static/lib/easing/easing.min.js HTTP/1.1" 200 2302
INFO "GET /static/lib/owlcarousel/owl.carousel.min.js HTTP/1.1" 200 42766
INFO "GET /static/lib/waypoints/waypoints.min.js HTTP/1.1" 200 9028
INFO "GET /static/js/main.js HTTP/1.1" 200 2698
WARNING "GET /static/images/climate-hero-bg.jpg HTTP/1.1" 404 1873
INFO "GET /login/ HTTP/1.1" 200 14689
INFO "GET /register/ HTTP/1.1" 200 18832
INFO New user registered: minu (minhal@aptechgdn.net)
INFO "POST /register/ HTTP/1.1" 302 0
INFO "GET /login/ HTTP/1.1" 200 15042
INFO Successful login for user minu from IP 10.1.0.78
INFO "POST /login/ HTTP/1.1" 302 0
INFO "GET /dashboard/viewer/ HTTP/1.1" 200 43644
WARNING Not Found: /dashboard/static/images/logo.png
WARNING "GET /dashboard/static/images/logo.png HTTP/1.1" 404 6460
INFO "GET / HTTP/1.1" 200 24054
INFO "GET /management/credentials/ HTTP/1.1" 200 38864
INFO "GET /static/css/styles.css HTTP/1.1" 304 0
INFO "GET /static/lib/animate/animate.min.css HTTP/1.1" 304 0
INFO "GET /static/css/bootstrap.min.css HTTP/1.1" 304 0
INFO "GET /static/lib/wow/wow.min.js HTTP/1.1" 304 0
INFO "GET /static/lib/owlcarousel/assets/owl.carousel.min.css HTTP/1.1" 304 0
WARNING Not Found: /management/static/images/logo.png
WARNING "GET /management/static/images/logo.png HTTP/1.1" 404 6463
INFO "GET /static/lib/easing/easing.min.js HTTP/1.1" 304 0
INFO "GET /static/lib/waypoints/waypoints.min.js HTTP/1.1" 304 0
INFO "GET /static/lib/owlcarousel/owl.carousel.min.js HTTP/1.1" 304 0
INFO "GET /static/js/main.js HTTP/1.1" 304 0
INFO "GET /management/users/ HTTP/1.1" 200 34166
WARNING Not Found: /management/static/images/logo.png
WARNING "GET /management/static/images/logo.png HTTP/1.1" 404 6463
INFO User role changed by admin: minu from viewer to analyst
INFO "POST /management/users/promote-demote/ HTTP/1.1" 200 138
INFO "GET /dashboard/viewer/ HTTP/1.1" 200 44266
WARNING Not Found: /dashboard/static/images/logo.png
WARNING "GET /dashboard/static/images/logo.png HTTP/1.1" 404 6460
INFO "GET /static/lib/wow/wow.min.js HTTP/1.1" 304 0
INFO "GET /static/lib/easing/easing.min.js HTTP/1.1" 304 0
INFO "GET /profile/ HTTP/1.1" 200 25665
INFO "GET /static/css/styles.css HTTP/1.1" 304 0
INFO "GET /static/lib/owlcarousel/assets/owl.carousel.min.css HTTP/1.1" 304 0
INFO "GET /static/css/bootstrap.min.css HTTP/1.1" 304 0
INFO "GET /static/lib/animate/animate.min.css HTTP/1.1" 304 0
INFO "GET /static/lib/waypoints/waypoints.min.js HTTP/1.1" 304 0
INFO "GET /static/images/logo.png HTTP/1.1" 304 0
INFO "GET /static/js/main.js HTTP/1.1" 304 0
INFO "GET /static/lib/owlcarousel/owl.carousel.min.js HTTP/1.1" 304 0
INFO User role changed by admin: minu from analyst to viewer
INFO "POST /management/users/promote-demote/ HTTP/1.1" 200 138
INFO "GET /profile/ HTTP/1.1" 200 25031
INFO "GET / HTTP/1.1" 200 24054
INFO "GET /support/ HTTP/1.1" 200 42332
INFO "GET /static/images/logo.png HTTP/1.1" 304 0
INFO "GET /dashboard/ HTTP/1.1" 200 44248
INFO "GET /profile/ HTTP/1.1" 200 25673
INFO "GET / HTTP/1.1" 200 24054
INFO "GET / HTTP/1.1" 302 0
INFO "GET /dashboard/ HTTP/1.1" 200 44248
INFO "GET /static/css/styles.css HTTP/1.1" 304 0
INFO "GET /static/css/bootstrap.min.css HTTP/1.1" 304 0
INFO "GET /static/lib/animate/animate.min.css HTTP/1.1" 304 0
INFO "GET /static/lib/owlcarousel/assets/owl.carousel.min.css HTTP/1.1" 304 0
INFO "GET /static/lib/wow/wow.min.js HTTP/1.1" 304 0
INFO "GET /static/lib/easing/easing.min.js HTTP/1.1" 304 0
INFO "GET /static/lib/waypoints/waypoints.min.js HTTP/1.1" 304 0
INFO "GET /static/js/main.js HTTP/1.1" 304 0
INFO "GET /static/lib/owlcarousel/owl.carousel.min.js HTTP/1.1" 304 0
WARNING Not Found: /management
WARNING "GET /management HTTP/1.1" 404 6394
INFO "GET /management/users/3 HTTP/1.1" 301 0
INFO "GET /management/users/3/ HTTP/1.1" 200 24273
INFO "GET /static/css/styles.css HTTP/1.1" 304 0
INFO "GET /static/lib/animate/animate.min.css HTTP/1.1" 304 0
INFO "GET /static/css/bootstrap.min.css HTTP/1.1" 304 0
INFO "GET /static/lib/owlcarousel/assets/owl.carousel.min.css HTTP/1.1" 304 0
INFO "GET /static/lib/wow/wow.min.js HTTP/1.1" 304 0
WARNING Not Found: /management/users/static/images/logo.png
WARNING "GET /management/users/static/images/logo.png HTTP/1.1" 404 6481
INFO "GET /static/lib/easing/easing.min.js HTTP/1.1" 304 0
INFO "GET /static/js/main.js HTTP/1.1" 304 0
INFO "GET /static/lib/waypoints/waypoints.min.js HTTP/1.1" 304 0
INFO "GET /static/lib/owlcarousel/owl.carousel.min.js HTTP/1.1" 304 0
INFO "GET /management/users/ HTTP/1.1" 200 34166
WARNING Not Found: /management/static/images/logo.png
WARNING "GET /management/static/images/logo.png HTTP/1.1" 404 6463
INFO "GET /management/users/1/ HTTP/1.1" 200 35068
WARNING Not Found: /management/users/static/images/logo.png
WARNING "GET /management/users/static/images/logo.png HTTP/1.1" 404 6481
INFO "GET /management/users/ HTTP/1.1" 200 34472
WARNING Not Found: /management/static/images/logo.png
WARNING "GET /management/static/images/logo.png HTTP/1.1" 404 6463
INFO "GET /dashboard/ HTTP/1.1" 200 44554
INFO "GET /static/css/styles.css HTTP/1.1" 304 0
INFO "GET /static/css/bootstrap.min.css HTTP/1.1" 304 0
INFO "GET /static/lib/animate/animate.min.css HTTP/1.1" 304 0
INFO "GET /static/lib/owlcarousel/assets/owl.carousel.min.css HTTP/1.1" 304 0
INFO "GET /static/images/logo.png HTTP/1.1" 304 0
INFO "GET /static/lib/wow/wow.min.js HTTP/1.1" 304 0
INFO "GET /static/lib/easing/easing.min.js HTTP/1.1" 304 0
INFO "GET /static/lib/waypoints/waypoints.min.js HTTP/1.1" 304 0
INFO "GET /static/js/main.js HTTP/1.1" 304 0
INFO "GET /static/lib/owlcarousel/owl.carousel.min.js HTTP/1.1" 304 0
INFO "GET /management/users/4/ HTTP/1.1" 200 20596
WARNING Not Found: /management/users/static/images/logo.png
WARNING "GET /management/users/static/images/logo.png HTTP/1.1" 404 6481
INFO "GET /dashboard/admin/ HTTP/1.1" 200 28388
WARNING Not Found: /dashboard/static/images/logo.png
WARNING "GET /dashboard/static/images/logo.png HTTP/1.1" 404 6460
INFO "GET /management/users/4/ HTTP/1.1" 200 20596
WARNING Not Found: /management/users/static/images/logo.png
WARNING "GET /management/users/static/images/logo.png HTTP/1.1" 404 6481
INFO "GET /management/users/ HTTP/1.1" 200 34472
WARNING Not Found: /management/static/images/logo.png
WARNING "GET /management/static/images/logo.png HTTP/1.1" 404 6463
INFO User deactivated by admin: minu
INFO "POST /management/users/toggle-status/ HTTP/1.1" 200 98
INFO User activated by admin: minu
INFO "POST /management/users/toggle-status/ HTTP/1.1" 200 95
INFO "GET / HTTP/1.1" 200 24054
INFO User admin logged out
INFO "GET /logout/ HTTP/1.1" 302 0
INFO "GET /login/ HTTP/1.1" 200 15036
INFO "GET /static/css/styles.css HTTP/1.1" 304 0
INFO "GET /static/lib/owlcarousel/assets/owl.carousel.min.css HTTP/1.1" 304 0
INFO "GET /static/css/bootstrap.min.css HTTP/1.1" 304 0
INFO "GET /static/images/logo.png HTTP/1.1" 304 0
INFO "GET /static/lib/animate/animate.min.css HTTP/1.1" 304 0
INFO "GET /static/lib/wow/wow.min.js HTTP/1.1" 304 0
INFO "GET /static/lib/easing/easing.min.js HTTP/1.1" 304 0
INFO "GET /static/lib/waypoints/waypoints.min.js HTTP/1.1" 304 0
INFO "GET /static/js/main.js HTTP/1.1" 304 0
INFO "GET /static/lib/owlcarousel/owl.carousel.min.js HTTP/1.1" 304 0
INFO Successful login for user admin from IP 10.1.0.50
INFO "POST /login/ HTTP/1.1" 302 0
INFO "GET /dashboard/admin/ HTTP/1.1" 200 28388
WARNING Not Found: /dashboard/static/images/logo.png
WARNING "GET /dashboard/static/images/logo.png HTTP/1.1" 404 6460
INFO "GET /data/sources/ HTTP/1.1" 200 36172
WARNING Not Found: /data/static/images/logo.png
WARNING "GET /data/static/images/logo.png HTTP/1.1" 404 6445
INFO "GET /admin/ HTTP/1.1" 200 9138
INFO "GET /static/admin/css/base.css HTTP/1.1" 304 0
INFO "GET /static/admin/css/dark_mode.css HTTP/1.1" 304 0
INFO "GET /static/admin/css/nav_sidebar.css HTTP/1.1" 304 0
INFO "GET /static/admin/css/dashboard.css HTTP/1.1" 304 0
INFO "GET /static/admin/js/nav_sidebar.js HTTP/1.1" 304 0
INFO "GET /static/admin/css/responsive.css HTTP/1.1" 304 0
INFO "GET /static/admin/js/theme.js HTTP/1.1" 304 0
INFO "GET /static/admin/img/icon-changelink.svg HTTP/1.1" 304 0
INFO "GET /static/admin/img/icon-addlink.svg HTTP/1.1" 304 0
INFO "GET /admin/ HTTP/1.1" 200 9138
INFO "GET /management/users/ HTTP/1.1" 200 34472
WARNING Not Found: /management/static/images/logo.png
WARNING "GET /management/static/images/logo.png HTTP/1.1" 404 6463
INFO "GET /dashboard/admin/ HTTP/1.1" 200 28388
WARNING Not Found: /dashboard/static/images/logo.png
WARNING "GET /dashboard/static/images/logo.png HTTP/1.1" 404 6460
INFO "GET /dashboard/ HTTP/1.1" 200 44554
INFO "GET /dashboard/admin/ HTTP/1.1" 200 28388
WARNING Not Found: /dashboard/static/images/logo.png
WARNING "GET /dashboard/static/images/logo.png HTTP/1.1" 404 6460
INFO "GET /management/credentials/ HTTP/1.1" 200 39170
WARNING Not Found: /management/static/images/logo.png
WARNING "GET /management/static/images/logo.png HTTP/1.1" 404 6463
INFO "GET /management/users/ HTTP/1.1" 200 34472
WARNING Not Found: /management/static/images/logo.png
WARNING "GET /management/static/images/logo.png HTTP/1.1" 404 6463
INFO "GET / HTTP/1.1" 200 24054
INFO "GET /dashboard/admin/ HTTP/1.1" 200 28349
INFO "GET /static/css/styles.css HTTP/1.1" 304 0
INFO "GET /static/lib/animate/animate.min.css HTTP/1.1" 304 0
INFO "GET /static/css/bootstrap.min.css HTTP/1.1" 304 0
INFO "GET /static/lib/owlcarousel/assets/owl.carousel.min.css HTTP/1.1" 304 0
INFO "GET /static/lib/wow/wow.min.js HTTP/1.1" 304 0
WARNING Not Found: /dashboard/static/images/logo.png
WARNING "GET /dashboard/static/images/logo.png HTTP/1.1" 404 6460
INFO "GET /static/lib/waypoints/waypoints.min.js HTTP/1.1" 304 0
INFO "GET /static/lib/easing/easing.min.js HTTP/1.1" 304 0
INFO "GET /static/lib/owlcarousel/owl.carousel.min.js HTTP/1.1" 304 0
INFO "GET /static/js/main.js HTTP/1.1" 304 0
INFO "GET /management/users/ HTTP/1.1" 200 34472
WARNING Not Found: /management/static/images/logo.png
WARNING "GET /management/static/images/logo.png HTTP/1.1" 404 6463
INFO "GET /management/users/2/ HTTP/1.1" 200 24694
WARNING Not Found: /management/users/static/images/logo.png
WARNING "GET /management/users/static/images/logo.png HTTP/1.1" 404 6481
INFO "GET /dashboard/admin/ HTTP/1.1" 200 28382
WARNING Not Found: /dashboard/static/images/logo.png
WARNING "GET /dashboard/static/images/logo.png HTTP/1.1" 404 6460
INFO "GET /alerts/ HTTP/1.1" 200 40336
INFO "GET /static/images/logo.png HTTP/1.1" 304 0
INFO Alert 79be7f8a-ddbe-4394-a881-bec875238914 acknowledged by admin
INFO "POST /alerts/acknowledge/79be7f8a-ddbe-4394-a881-bec875238914/ HTTP/1.1" 302 0
INFO "GET /alerts/ HTTP/1.1" 200 40677
INFO "GET /alerts/ HTTP/1.1" 200 40336
INFO "GET /alerts/ HTTP/1.1" 200 40336
INFO "GET /alerts/ HTTP/1.1" 200 40336
INFO Alert 79be7f8a-ddbe-4394-a881-bec875238914 acknowledged by admin
INFO "POST /alerts/acknowledge/79be7f8a-ddbe-4394-a881-bec875238914/ HTTP/1.1" 302 0
INFO "GET /alerts/ HTTP/1.1" 200 40677
INFO Alert 5848df6b-66a4-48f1-81d5-8a2a4afbb5cb acknowledged by admin
INFO "POST /alerts/acknowledge/5848df6b-66a4-48f1-81d5-8a2a4afbb5cb/ HTTP/1.1" 302 0
INFO "GET /alerts/ HTTP/1.1" 200 40677
INFO "GET /alerts/ HTTP/1.1" 200 40336
INFO "GET /profile/ HTTP/1.1" 200 25979
INFO "GET /static/css/styles.css HTTP/1.1" 304 0
INFO "GET /static/css/bootstrap.min.css HTTP/1.1" 304 0
INFO "GET /static/lib/animate/animate.min.css HTTP/1.1" 304 0
INFO "GET /static/lib/owlcarousel/assets/owl.carousel.min.css HTTP/1.1" 304 0
INFO "GET /static/lib/wow/wow.min.js HTTP/1.1" 304 0
INFO "GET /static/lib/easing/easing.min.js HTTP/1.1" 304 0
INFO "GET /static/lib/owlcarousel/owl.carousel.min.js HTTP/1.1" 304 0
INFO "GET /static/js/main.js HTTP/1.1" 304 0
INFO "GET /static/lib/waypoints/waypoints.min.js HTTP/1.1" 304 0
INFO "GET /dashboard/admin/ HTTP/1.1" 200 28385
WARNING Not Found: /dashboard/static/images/logo.png
WARNING "GET /dashboard/static/images/logo.png HTTP/1.1" 404 6460
INFO "GET / HTTP/1.1" 200 24054
INFO "GET / HTTP/1.1" 200 24054
